Release 14.6 - xst P.68d (nt64)
Copyright (c) 1995-2013 Xilinx, Inc.  All rights reserved.
--> Parameter TMPDIR set to xst/projnav.tmp


Total REAL time to Xst completion: 0.00 secs
Total CPU time to Xst completion: 0.30 secs
 
--> Parameter xsthdpdir set to xst


Total REAL time to Xst completion: 0.00 secs
Total CPU time to Xst completion: 0.30 secs
 
--> Reading design: BCSA.prj

TABLE OF CONTENTS
  1) Synthesis Options Summary
  2) HDL Parsing
  3) HDL Elaboration
  4) HDL Synthesis
       4.1) HDL Synthesis Report
  5) Advanced HDL Synthesis
       5.1) Advanced HDL Synthesis Report
  6) Low Level Synthesis
  7) Partition Report
  8) Design Summary
       8.1) Primitive and Black Box Usage
       8.2) Device utilization summary
       8.3) Partition Resource Summary
       8.4) Timing Report
            8.4.1) Clock Information
            8.4.2) Asynchronous Control Signals Information
            8.4.3) Timing Summary
            8.4.4) Timing Details
            8.4.5) Cross Clock Domains Report


=========================================================================
*                      Synthesis Options Summary                        *
=========================================================================
---- Source Parameters
Input File Name                    : "BCSA.prj"
Ignore Synthesis Constraint File   : NO

---- Target Parameters
Output File Name                   : "BCSA"
Output Format                      : NGC
Target Device                      : xc7a100t-3-csg324

---- Source Options
Top Module Name                    : BCSA
Automatic FSM Extraction           : YES
FSM Encoding Algorithm             : Auto
Safe Implementation                : No
FSM Style                          : LUT
RAM Extraction                     : Yes
RAM Style                          : Auto
ROM Extraction                     : Yes
Shift Register Extraction          : YES
ROM Style                          : Auto
Resource Sharing                   : YES
Asynchronous To Synchronous        : NO
Shift Register Minimum Size        : 2
Use DSP Block                      : Auto
Automatic Register Balancing       : No

---- Target Options
LUT Combining                      : Auto
Reduce Control Sets                : Auto
Add IO Buffers                     : YES
Global Maximum Fanout              : 100000
Add Generic Clock Buffer(BUFG)     : 32
Register Duplication               : YES
Optimize Instantiated Primitives   : NO
Use Clock Enable                   : Auto
Use Synchronous Set                : Auto
Use Synchronous Reset              : Auto
Pack IO Registers into IOBs        : Auto
Equivalent register Removal        : YES

---- General Options
Optimization Goal                  : Speed
Optimization Effort                : 1
Power Reduction                    : NO
Keep Hierarchy                     : No
Netlist Hierarchy                  : As_Optimized
RTL Output                         : Yes
Global Optimization                : AllClockNets
Read Cores                         : YES
Write Timing Constraints           : NO
Cross Clock Analysis               : NO
Hierarchy Separator                : /
Bus Delimiter                      : <>
Case Specifier                     : Maintain
Slice Utilization Ratio            : 100
BRAM Utilization Ratio             : 100
DSP48 Utilization Ratio            : 100
Auto BRAM Packing                  : NO
Slice Utilization Ratio Delta      : 5

=========================================================================


=========================================================================
*                          HDL Parsing                                  *
=========================================================================
Analyzing Verilog file "D:\xilinx test\project\my_project\sel_unit.v" into library work
Parsing module <sel_unit>.
Analyzing Verilog file "D:\xilinx test\project\my_project\ksa_4bit.v" into library work
Parsing module <ksa_4bit>.
Analyzing Verilog file "D:\xilinx test\project\my_project\carryselect.v" into library work
Parsing module <carryselect>.
Analyzing Verilog file "D:\xilinx test\project\my_project\sum_block.v" into library work
Parsing module <sum_block>.
Analyzing Verilog file "D:\xilinx test\project\my_project\BCSA.v" into library work
Parsing module <BCSA>.

=========================================================================
*                            HDL Elaboration                            *
=========================================================================

Elaborating module <BCSA>.
WARNING:HDLCompiler:1127 - "D:\xilinx test\project\my_project\BCSA.v" Line 30: Assignment to m5 ignored, since the identifier is never used
WARNING:HDLCompiler:1127 - "D:\xilinx test\project\my_project\BCSA.v" Line 31: Assignment to m8 ignored, since the identifier is never used
WARNING:HDLCompiler:1127 - "D:\xilinx test\project\my_project\BCSA.v" Line 32: Assignment to m11 ignored, since the identifier is never used
WARNING:HDLCompiler:1016 - "D:\xilinx test\project\my_project\sum_block.v" Line 30: Port p is not connected to this instance

Elaborating module <sum_block>.

Elaborating module <ksa_4bit>.
WARNING:HDLCompiler:1127 - "D:\xilinx test\project\my_project\sum_block.v" Line 30: Assignment to w5 ignored, since the identifier is never used

Elaborating module <sel_unit>.

Elaborating module <carryselect>.
WARNING:HDLCompiler:1127 - "D:\xilinx test\project\my_project\BCSA.v" Line 35: Assignment to m2 ignored, since the identifier is never used
WARNING:HDLCompiler:1127 - "D:\xilinx test\project\my_project\BCSA.v" Line 36: Assignment to m5 ignored, since the identifier is never used
WARNING:HDLCompiler:1127 - "D:\xilinx test\project\my_project\BCSA.v" Line 37: Assignment to m8 ignored, since the identifier is never used
WARNING:HDLCompiler:1127 - "D:\xilinx test\project\my_project\BCSA.v" Line 38: Assignment to m11 ignored, since the identifier is never used

=========================================================================
*                           HDL Synthesis                               *
=========================================================================

Synthesizing Unit <BCSA>.
    Related source file is "D:\xilinx test\project\my_project\BCSA.v".
INFO:Xst:3210 - "D:\xilinx test\project\my_project\BCSA.v" line 35: Output port <Kout> of the instance <n1> is unconnected or connected to loadless signal.
INFO:Xst:3210 - "D:\xilinx test\project\my_project\BCSA.v" line 36: Output port <Kout> of the instance <n2> is unconnected or connected to loadless signal.
INFO:Xst:3210 - "D:\xilinx test\project\my_project\BCSA.v" line 37: Output port <Kout> of the instance <n3> is unconnected or connected to loadless signal.
INFO:Xst:3210 - "D:\xilinx test\project\my_project\BCSA.v" line 38: Output port <Kout> of the instance <n4> is unconnected or connected to loadless signal.
    Summary:
	no macro.
Unit <BCSA> synthesized.

Synthesizing Unit <sum_block>.
    Related source file is "D:\xilinx test\project\my_project\sum_block.v".
INFO:Xst:3210 - "D:\xilinx test\project\my_project\sum_block.v" line 30: Output port <p> of the instance <n1> is unconnected or connected to loadless signal.
INFO:Xst:3210 - "D:\xilinx test\project\my_project\sum_block.v" line 30: Output port <k> of the instance <n1> is unconnected or connected to loadless signal.
WARNING:Xst:653 - Signal <Kout> is used but never assigned. This sourceless signal will be automatically connected to value GND.
    Summary:
	no macro.
Unit <sum_block> synthesized.

Synthesizing Unit <ksa_4bit>.
    Related source file is "D:\xilinx test\project\my_project\ksa_4bit.v".
    Summary:
Unit <ksa_4bit> synthesized.

Synthesizing Unit <sel_unit>.
    Related source file is "D:\xilinx test\project\my_project\sel_unit.v".
    Found 1-bit adder for signal <sel_i> created at line 26.
    Summary:
	inferred   1 Adder/Subtractor(s).
Unit <sel_unit> synthesized.

Synthesizing Unit <carryselect>.
    Related source file is "D:\xilinx test\project\my_project\carryselect.v".
    Summary:
	no macro.
Unit <carryselect> synthesized.

=========================================================================
HDL Synthesis Report

Macro Statistics
# Adders/Subtractors                                   : 4
 1-bit adder                                           : 4
# Xors                                                 : 20
 1-bit xor2                                            : 16
 4-bit xor2                                            : 4

=========================================================================

=========================================================================
*                       Advanced HDL Synthesis                          *
=========================================================================


=========================================================================
Advanced HDL Synthesis Report

Macro Statistics
# Adders/Subtractors                                   : 4
 1-bit adder                                           : 4
# Xors                                                 : 20
 1-bit xor2                                            : 16
 4-bit xor2                                            : 4

=========================================================================

=========================================================================
*                         Low Level Synthesis                           *
=========================================================================

Optimizing unit <BCSA> ...

Mapping all equations...
Building and optimizing final netlist ...
Found area constraint ratio of 100 (+ 5) on block BCSA, actual ratio is 0.

Final Macro Processing ...

=========================================================================
Final Register Report

Found no macro
=========================================================================

=========================================================================
*                           Partition Report                            *
=========================================================================

Partition Implementation Status
-------------------------------

  No Partitions were found in this design.

-------------------------------

=========================================================================
*                            Design Summary                             *
=========================================================================

Top Level Output File Name         : BCSA.ngc

Primitive and Black Box Usage:
------------------------------
# BELS                             : 21
#      LUT3                        : 4
#      LUT4                        : 5
#      LUT5                        : 5
#      LUT6                        : 7
# IO Buffers                       : 50
#      IBUF                        : 33
#      OBUF                        : 17

Device utilization summary:
---------------------------

Selected Device : 7a100tcsg324-3 


Slice Logic Utilization: 
 Number of Slice LUTs:                   21  out of  63400     0%  
    Number used as Logic:                21  out of  63400     0%  

Slice Logic Distribution: 
 Number of LUT Flip Flop pairs used:     21
   Number with an unused Flip Flop:      21  out of     21   100%  
   Number with an unused LUT:             0  out of     21     0%  
   Number of fully used LUT-FF pairs:     0  out of     21     0%  
   Number of unique control sets:         0

IO Utilization: 
 Number of IOs:                          50
 Number of bonded IOBs:                  50  out of    210    23%  

Specific Feature Utilization:

---------------------------
Partition Resource Summary:
---------------------------

  No Partitions were found in this design.

---------------------------


=========================================================================
Timing Report

NOTE: THESE TIMING NUMBERS ARE ONLY A SYNTHESIS ESTIMATE.
      FOR ACCURATE TIMING INFORMATION PLEASE REFER TO THE TRACE REPORT
      GENERATED AFTER PLACE-and-ROUTE.

Clock Information:
------------------
No clock signals found in this design

Asynchronous Control Signals Information:
----------------------------------------
No asynchronous control signals found in this design

Timing Summary:
---------------
Speed Grade: -3

   Minimum period: No path found
   Minimum input arrival time before clock: No path found
   Maximum output required time after clock: No path found
   Maximum combinational path delay: 1.687ns

Timing Details:
---------------
All values displayed in nanoseconds (ns)

=========================================================================
Timing constraint: Default path analysis
  Total number of paths / destination ports: 113 / 17
-------------------------------------------------------------------------
Delay:               1.687ns (Levels of Logic = 4)
  Source:            A_I<10> (PAD)
  Destination:       S_I<12> (PAD)

  Data Path: A_I<10> to S_I<12>
                                Gate     Net
    Cell:in->out      fanout   Delay   Delay  Logical Name (Net Name)
    ----------------------------------------  ------------
     IBUF:I->O             2   0.001   0.697  A_I_10_IBUF (A_I_10_IBUF)
     LUT6:I0->O            2   0.097   0.515  n3/n1/ccg<2>1 (n3/n1/ccg<2>)
     LUT3:I0->O            1   0.097   0.279  n3/n1/Mxor_sum<3>_xo<0>1 (S_I_11_OBUF)
     OBUF:I->O                 0.000          S_I_11_OBUF (S_I<11>)
    ----------------------------------------
    Total                      1.687ns (0.195ns logic, 1.492ns route)
                                       (11.6% logic, 88.4% route)

=========================================================================

Cross Clock Domains Report:
--------------------------

=========================================================================


Total REAL time to Xst completion: 23.00 secs
Total CPU time to Xst completion: 23.56 secs
 
--> 

Total memory usage is 4625688 kilobytes

Number of errors   :    0 (   0 filtered)
Number of warnings :   10 (   0 filtered)
Number of infos    :    6 (   0 filtered)

