Release 14.6 - xst P.68d (nt64)
Copyright (c) 1995-2013 Xilinx, Inc.  All rights reserved.
--> Parameter TMPDIR set to xst/projnav.tmp


Total REAL time to Xst completion: 0.00 secs
Total CPU time to Xst completion: 0.31 secs
 
--> Parameter xsthdpdir set to xst


Total REAL time to Xst completion: 0.00 secs
Total CPU time to Xst completion: 0.31 secs
 
--> Reading design: SCSA.prj

TABLE OF CONTENTS
  1) Synthesis Options Summary
  2) HDL Parsing
  3) HDL Elaboration
  4) HDL Synthesis
       4.1) HDL Synthesis Report
  5) Advanced HDL Synthesis
       5.1) Advanced HDL Synthesis Report
  6) Low Level Synthesis
  7) Partition Report
  8) Design Summary
       8.1) Primitive and Black Box Usage
       8.2) Device utilization summary
       8.3) Partition Resource Summary
       8.4) Timing Report
            8.4.1) Clock Information
            8.4.2) Asynchronous Control Signals Information
            8.4.3) Timing Summary
            8.4.4) Timing Details
            8.4.5) Cross Clock Domains Report


=========================================================================
*                      Synthesis Options Summary                        *
=========================================================================
---- Source Parameters
Input File Name                    : "SCSA.prj"
Ignore Synthesis Constraint File   : NO

---- Target Parameters
Output File Name                   : "SCSA"
Output Format                      : NGC
Target Device                      : xc7a100t-3-csg324

---- Source Options
Top Module Name                    : SCSA
Automatic FSM Extraction           : YES
FSM Encoding Algorithm             : Auto
Safe Implementation                : No
FSM Style                          : LUT
RAM Extraction                     : Yes
RAM Style                          : Auto
ROM Extraction                     : Yes
Shift Register Extraction          : YES
ROM Style                          : Auto
Resource Sharing                   : YES
Asynchronous To Synchronous        : NO
Shift Register Minimum Size        : 2
Use DSP Block                      : Auto
Automatic Register Balancing       : No

---- Target Options
LUT Combining                      : Auto
Reduce Control Sets                : Auto
Add IO Buffers                     : YES
Global Maximum Fanout              : 100000
Add Generic Clock Buffer(BUFG)     : 32
Register Duplication               : YES
Optimize Instantiated Primitives   : NO
Use Clock Enable                   : Auto
Use Synchronous Set                : Auto
Use Synchronous Reset              : Auto
Pack IO Registers into IOBs        : Auto
Equivalent register Removal        : YES

---- General Options
Optimization Goal                  : Speed
Optimization Effort                : 1
Power Reduction                    : NO
Keep Hierarchy                     : No
Netlist Hierarchy                  : As_Optimized
RTL Output                         : Yes
Global Optimization                : AllClockNets
Read Cores                         : YES
Write Timing Constraints           : NO
Cross Clock Analysis               : NO
Hierarchy Separator                : /
Bus Delimiter                      : <>
Case Specifier                     : Maintain
Slice Utilization Ratio            : 100
BRAM Utilization Ratio             : 100
DSP48 Utilization Ratio            : 100
Auto BRAM Packing                  : NO
Slice Utilization Ratio Delta      : 5

=========================================================================


=========================================================================
*                          HDL Parsing                                  *
=========================================================================
Analyzing Verilog file "D:\xilinx test\project\my_project_scsa\sel_unit.v" into library work
Parsing module <sel_unit>.
Analyzing Verilog file "D:\xilinx test\project\my_project_scsa\ksa_4bit.v" into library work
Parsing module <ksa_4bit>.
Analyzing Verilog file "D:\xilinx test\project\my_project_scsa\sum_block.v" into library work
Parsing module <sum_block>.
Analyzing Verilog file "D:\xilinx test\project\my_project_scsa\SCSA.v" into library work
Parsing module <SCSA>.

=========================================================================
*                            HDL Elaboration                            *
=========================================================================

Elaborating module <SCSA>.

Elaborating module <sum_block>.

Elaborating module <ksa_4bit>.
WARNING:HDLCompiler:1127 - "D:\xilinx test\project\my_project_scsa\sum_block.v" Line 29: Assignment to c0_i ignored, since the identifier is never used
WARNING:HDLCompiler:1127 - "D:\xilinx test\project\my_project_scsa\sum_block.v" Line 30: Assignment to c1_i ignored, since the identifier is never used

Elaborating module <sel_unit>.

=========================================================================
*                           HDL Synthesis                               *
=========================================================================

Synthesizing Unit <SCSA>.
    Related source file is "D:\xilinx test\project\my_project_scsa\SCSA.v".
    Summary:
	no macro.
Unit <SCSA> synthesized.

Synthesizing Unit <sum_block>.
    Related source file is "D:\xilinx test\project\my_project_scsa\sum_block.v".
INFO:Xst:3210 - "D:\xilinx test\project\my_project_scsa\sum_block.v" line 29: Output port <k> of the instance <k1> is unconnected or connected to loadless signal.
INFO:Xst:3210 - "D:\xilinx test\project\my_project_scsa\sum_block.v" line 29: Output port <carryout> of the instance <k1> is unconnected or connected to loadless signal.
INFO:Xst:3210 - "D:\xilinx test\project\my_project_scsa\sum_block.v" line 30: Output port <p> of the instance <k2> is unconnected or connected to loadless signal.
INFO:Xst:3210 - "D:\xilinx test\project\my_project_scsa\sum_block.v" line 30: Output port <g> of the instance <k2> is unconnected or connected to loadless signal.
INFO:Xst:3210 - "D:\xilinx test\project\my_project_scsa\sum_block.v" line 30: Output port <k> of the instance <k2> is unconnected or connected to loadless signal.
INFO:Xst:3210 - "D:\xilinx test\project\my_project_scsa\sum_block.v" line 30: Output port <carryout> of the instance <k2> is unconnected or connected to loadless signal.
    Summary:
	no macro.
Unit <sum_block> synthesized.

Synthesizing Unit <ksa_4bit>.
    Related source file is "D:\xilinx test\project\my_project_scsa\ksa_4bit.v".
    Summary:
Unit <ksa_4bit> synthesized.

Synthesizing Unit <sel_unit>.
    Related source file is "D:\xilinx test\project\my_project_scsa\sel_unit.v".
    Summary:
	inferred   1 Multiplexer(s).
Unit <sel_unit> synthesized.

=========================================================================
HDL Synthesis Report

Macro Statistics
# Multiplexers                                         : 4
 4-bit 2-to-1 multiplexer                              : 4
# Xors                                                 : 40
 1-bit xor2                                            : 32
 4-bit xor2                                            : 8

=========================================================================

=========================================================================
*                       Advanced HDL Synthesis                          *
=========================================================================


=========================================================================
Advanced HDL Synthesis Report

Macro Statistics
# Multiplexers                                         : 4
 4-bit 2-to-1 multiplexer                              : 4
# Xors                                                 : 40
 1-bit xor2                                            : 32
 4-bit xor2                                            : 8

=========================================================================

=========================================================================
*                         Low Level Synthesis                           *
=========================================================================

Optimizing unit <SCSA> ...

Mapping all equations...
Building and optimizing final netlist ...
Found area constraint ratio of 100 (+ 5) on block SCSA, actual ratio is 0.

Final Macro Processing ...

=========================================================================
Final Register Report

Found no macro
=========================================================================

=========================================================================
*                           Partition Report                            *
=========================================================================

Partition Implementation Status
-------------------------------

  No Partitions were found in this design.

-------------------------------

=========================================================================
*                            Design Summary                             *
=========================================================================

Top Level Output File Name         : SCSA.ngc

Primitive and Black Box Usage:
------------------------------
# BELS                             : 32
#      LUT3                        : 4
#      LUT4                        : 12
#      LUT5                        : 4
#      LUT6                        : 12
# IO Buffers                       : 50
#      IBUF                        : 33
#      OBUF                        : 17

Device utilization summary:
---------------------------

Selected Device : 7a100tcsg324-3 


Slice Logic Utilization: 
 Number of Slice LUTs:                   32  out of  63400     0%  
    Number used as Logic:                32  out of  63400     0%  

Slice Logic Distribution: 
 Number of LUT Flip Flop pairs used:     32
   Number with an unused Flip Flop:      32  out of     32   100%  
   Number with an unused LUT:             0  out of     32     0%  
   Number of fully used LUT-FF pairs:     0  out of     32     0%  
   Number of unique control sets:         0

IO Utilization: 
 Number of IOs:                          50
 Number of bonded IOBs:                  50  out of    210    23%  

Specific Feature Utilization:

---------------------------
Partition Resource Summary:
---------------------------

  No Partitions were found in this design.

---------------------------


=========================================================================
Timing Report

NOTE: THESE TIMING NUMBERS ARE ONLY A SYNTHESIS ESTIMATE.
      FOR ACCURATE TIMING INFORMATION PLEASE REFER TO THE TRACE REPORT
      GENERATED AFTER PLACE-and-ROUTE.

Clock Information:
------------------
No clock signals found in this design

Asynchronous Control Signals Information:
----------------------------------------
No asynchronous control signals found in this design

Timing Summary:
---------------
Speed Grade: -3

   Minimum period: No path found
   Minimum input arrival time before clock: No path found
   Maximum output required time after clock: No path found
   Maximum combinational path delay: 1.874ns

Timing Details:
---------------
All values displayed in nanoseconds (ns)

=========================================================================
Timing constraint: Default path analysis
  Total number of paths / destination ports: 137 / 17
-------------------------------------------------------------------------
Delay:               1.874ns (Levels of Logic = 5)
  Source:            A_I<9> (PAD)
  Destination:       S_I<12> (PAD)

  Data Path: A_I<9> to S_I<12>
                                Gate     Net
    Cell:in->out      fanout   Delay   Delay  Logical Name (Net Name)
    ----------------------------------------  ------------
     IBUF:I->O             5   0.001   0.712  A_I_9_IBUF (A_I_9_IBUF)
     LUT6:I0->O            1   0.097   0.295  n3/Co_i1 (n3/Co_i)
     LUT6:I5->O            1   0.097   0.295  n3/Co_i3 (m3)
     LUT3:I2->O            1   0.097   0.279  n4/k3/Mmux_Si_sel11 (S_I_12_OBUF)
     OBUF:I->O                 0.000          S_I_12_OBUF (S_I<12>)
    ----------------------------------------
    Total                      1.874ns (0.292ns logic, 1.582ns route)
                                       (15.6% logic, 84.4% route)

=========================================================================

Cross Clock Domains Report:
--------------------------

=========================================================================


Total REAL time to Xst completion: 24.00 secs
Total CPU time to Xst completion: 24.69 secs
 
--> 

Total memory usage is 4625684 kilobytes

Number of errors   :    0 (   0 filtered)
Number of warnings :    2 (   0 filtered)
Number of infos    :    6 (   0 filtered)

